07:43:10.681 [main                     ] DEBUG Logger               - Configured Logger
07:43:10.734 [main                     ] DEBUG GameApplication      - Logging settings
Title: My First FXGL Game
Version: 1.0
Width: 800
Height: 600
Fullscreen: false
Intro: false
Profiling: false
Single step:false
App Mode: DEVELOPER
Menu Key: ESCAPE
Stage Style: DECORATED
Scene Factory: class com.almasb.fxgl.app.scene.SceneFactory

07:43:11.168 [JavaFX Application Thread] DEBUG FXGLApplication      - Initializing FXGL
07:43:11.179 [JavaFX Application Thread] INFO  Engine               - FXGL-21.1 (27.03.2024 07.52) on LINUX (J:21.0.10 FX:21.0.1)
07:43:11.180 [JavaFX Application Thread] DEBUG Engine               - JRE Vendor Name: Red Hat, Inc.
07:43:11.180 [JavaFX Application Thread] DEBUG Engine               - Running on OS: Linux version 6.18.12-100.fc42.x86_64
07:43:11.181 [JavaFX Application Thread] DEBUG Engine               - Architecture: amd64
07:43:11.181 [JavaFX Application Thread] INFO  Engine               - Source code and latest versions at: https://github.com/AlmasB/FXGL
07:43:11.181 [JavaFX Application Thread] INFO  Engine               -       Ask questions and discuss at: https://github.com/AlmasB/FXGL/discussions
07:43:11.182 [JavaFX Application Thread] INFO  Engine               -              Join the FXGL chat at: https://gitter.im/AlmasB/FXGL
07:43:11.371 [JavaFX Application Thread] DEBUG PrimaryStageWindow   - Creating a JavaFX scene
07:43:11.542 [JavaFX Application Thread] DEBUG PrimaryStageWindow   - Target settings size: 800.0 x 600.0
07:43:11.543 [JavaFX Application Thread] DEBUG PrimaryStageWindow   - Scaled scene size:    800.0 x 600.0
07:43:11.543 [JavaFX Application Thread] DEBUG PrimaryStageWindow   - Scaled ratio: (1.0, 1.0)
07:43:11.545 [JavaFX Application Thread] DEBUG PrimaryStageWindow   - Set initial scene to FXGLStartupScene
07:43:11.550 [JavaFX Application Thread] DEBUG PrimaryStageWindow   - Opening main window
07:43:11.654 [JavaFX Application Thread] DEBUG PrimaryStageWindow   - Window border size: (0.0, 35.0)
07:43:11.655 [JavaFX Application Thread] DEBUG PrimaryStageWindow   - Scaled size: 800.0 x 565.0
07:43:11.655 [JavaFX Application Thread] DEBUG PrimaryStageWindow   - Scaled ratio: (1.0, 0.9416666666666667)
07:43:11.656 [JavaFX Application Thread] DEBUG PrimaryStageWindow   - Scene size: 800.0 x 600.0
07:43:11.656 [JavaFX Application Thread] DEBUG PrimaryStageWindow   - Stage size: 800.0 x 600.0
07:43:11.668 [FXGL Background Thread 1 ] DEBUG Engine               - Initializing environment variables
07:43:11.838 [FXGL Background Thread 1 ] DEBUG FXGLAssetLoaderServi - User app class for loading assets: class com.test.MainApp
07:43:11.839 [FXGL Background Thread 1 ] DEBUG GameApplicationServi - Applying CSS: fxgl_dark.css
07:43:11.841 [FXGL Background Thread 1 ] DEBUG FXGLAssetLoaderServi - Loading from file system: jar:file:///home/ibrahim/.m2/repository/com/github/almasb/fxgl/21.1/fxgl-21.1.jar!/fxglassets/ui/css/fxgl_dark.css
07:43:12.096 [FXGL Background Thread 1 ] DEBUG GameApplicationServi - Initializing application scenes
07:43:12.211 [FXGL Background Thread 1 ] DEBUG GameWorld            - Game world initialized
07:43:12.339 [FXGL Background Thread 1 ] DEBUG PhysicsWorld         - Physics world initialized: appHeight=600, physics.ppm=50.0
07:43:12.340 [FXGL Background Thread 1 ] DEBUG PhysicsWorld         - Using strategy: BRUTE_FORCE
07:43:12.347 [FXGL Background Thread 1 ] DEBUG GameScene            - Game scene initialized: 800x600
07:43:12.376 [FXGL Background Thread 1 ] DEBUG FXGL.DefaultMenu     - createMenuBodyGameMenu()
07:43:12.410 [FXGL Background Thread 1 ] DEBUG FXGL.DefaultMenu     - createOptionsMenu()
07:43:12.434 [FXGL Background Thread 1 ] DEBUG FXGLAssetLoaderServi - Loading from file system: jar:file:///home/ibrahim/.m2/repository/com/github/almasb/fxgl/21.1/fxgl-21.1.jar!/fxglassets/textures/particles/smoke.png
07:43:12.635 [FXGL Background Thread 1 ] DEBUG FXGLAssetLoaderServi - Loading from file system: jar:file:///home/ibrahim/.m2/repository/com/github/almasb/fxgl/21.1/fxgl-21.1.jar!/fxglassets/textures/particles/trace_horizontal.png
07:43:12.709 [FXGL Background Thread 1 ] DEBUG GameApplicationServi - Application scenes initialized
07:43:12.757 [FXGL Background Thread 1 ] DEBUG SystemBundleService  - Loading default FXGL system data
07:43:12.758 [FXGL Background Thread 1 ] DEBUG UpdaterService       - Checking for updates
07:43:12.771 [FXGL Background Thread 4 ] DEBUG FXGLApplication      - Loading fonts
07:43:12.772 [FXGL Background Thread 4 ] DEBUG FXGLAssetLoaderServi - Loading from file system: jar:file:///home/ibrahim/.m2/repository/com/github/almasb/fxgl/21.1/fxgl-21.1.jar!/fxglassets/ui/fonts/VarelaRound-Regular.ttf
07:43:12.774 [FXGL Background Thread 1 ] DEBUG FXGLApplication      - Loading default localization
07:43:12.775 [FXGL Background Thread 1 ] DEBUG FXGLAssetLoaderServi - Loading from file system: jar:file:///home/ibrahim/.m2/repository/com/github/almasb/fxgl/21.1/fxgl-21.1.jar!/fxglassets/languages/english.lang
07:43:12.811 [FXGL Background Thread 4 ] DEBUG FXGLAssetLoaderServi - Loading from file system: jar:file:///home/ibrahim/.m2/repository/com/github/almasb/fxgl/21.1/fxgl-21.1.jar!/fxglassets/ui/fonts/Abel-Regular.ttf
07:43:12.814 [FXGL Background Thread 4 ] DEBUG FXGLAssetLoaderServi - Loading from file system: jar:file:///home/ibrahim/.m2/repository/com/github/almasb/fxgl/21.1/fxgl-21.1.jar!/fxglassets/ui/fonts/TerminalLandMono-Regular.otf
07:43:12.818 [FXGL Background Thread 4 ] DEBUG FXGLAssetLoaderServi - Loading from file system: jar:file:///home/ibrahim/.m2/repository/com/github/almasb/fxgl/21.1/fxgl-21.1.jar!/fxglassets/ui/fonts/Courier-Prime.ttf
07:43:12.825 [JavaFX Application Thread] DEBUG FXGLApplication      - Registering font factories with UI factory
07:43:12.836 [FXGL Background Thread 1 ] INFO  FXGLApplication      - FXGL initialization took: 1.168 sec
07:43:12.838 [JavaFX Application Thread] DEBUG FXGLAssetLoaderServi - Loading from file system: jar:file:///home/ibrahim/.m2/repository/com/github/almasb/fxgl/21.1/fxgl-21.1.jar!/fxglassets/textures/fxgl_icon.png
07:43:12.922 [JavaFX Application Thread] DEBUG FXGLAssetLoaderServi - Loading from file system: jar:file:///home/ibrahim/.m2/repository/com/github/almasb/fxgl/21.1/fxgl-21.1.jar!/fxglassets/textures/fxgl_default_cursor.png
07:43:12.961 [JavaFX Application Thread] DEBUG Input                - Registered new binding: Screenshot - CTRL+8
07:43:12.962 [JavaFX Application Thread] DEBUG Input                - Registered new binding: System info dump - CTRL+9
07:43:12.962 [JavaFX Application Thread] DEBUG Input                - Registered new binding: Restart - CTRL+R
07:43:12.963 [JavaFX Application Thread] DEBUG Input                - Registered new binding: Toggle Debug Camera - CTRL+7
07:43:12.969 [JavaFX Application Thread] DEBUG LoopRunner           - Starting loop
07:43:12.969 [JavaFX Application Thread] DEBUG LoopRunner           - Initializing JavaFX AnimationTimerLoop
07:43:12.972 [JavaFX Application Thread] DEBUG GameApplicationServi - Starting new game
07:43:12.973 [JavaFX Application Thread] DEBUG Input                - Clearing active input actions
07:43:12.998 [JavaFX Application Thread] DEBUG GameApplicationServi - Removing overlay from FXGLStartupScene and adding to FXGLLoadingScene
07:43:12.999 [JavaFX Application Thread] DEBUG PrimaryStageWindow   - FXGLStartupScene -> FXGLLoadingScene
07:43:12.999 [JavaFX Application Thread] DEBUG GameApplicationServi - Clearing previous game
07:43:12.999 [JavaFX Application Thread] DEBUG GameScene            - Clearing game scene
07:43:12.999 [JavaFX Application Thread] DEBUG GameWorld            - Clearing game world
07:43:12.999 [JavaFX Application Thread] DEBUG PhysicsWorld         - Clearing physics world
07:43:13.001 [FXGL Background Thread 1 ] DEBUG FXGLApplication      - Initializing game
07:43:13.015 [FXGL Background Thread 1 ] INFO  FXGLApplication      - Game initialization took: 0.014 sec
07:43:13.515 [JavaFX Application Thread] DEBUG Input                - Clearing active input actions
07:43:13.541 [JavaFX Application Thread] DEBUG GameApplicationServi - Removing overlay from FXGLLoadingScene and adding to GameScene
07:43:13.542 [JavaFX Application Thread] DEBUG PrimaryStageWindow   - FXGLLoadingScene -> GameScene
07:43:14.563 [FXGL Background Thread 2 ] INFO  UpdaterService       - Your current version:  21.1
07:43:14.564 [FXGL Background Thread 2 ] INFO  UpdaterService       - Latest stable version: 25
07:43:15.767 [FXGL Background Thread 3 ] DEBUG Engine               - Logging environment variables
07:43:15.769 [FXGL Background Thread 3 ] DEBUG Engine               - achievements: []
07:43:15.770 [FXGL Background Thread 3 ] DEBUG Engine               - actualHeight: 708.0
07:43:15.771 [FXGL Background Thread 3 ] DEBUG Engine               - actualHeightProperty: ReadOnlyDoubleProperty [value: 708.0]
07:43:15.771 [FXGL Background Thread 3 ] DEBUG Engine               - actualWidth: 455.0
07:43:15.772 [FXGL Background Thread 3 ] DEBUG Engine               - actualWidthProperty: ReadOnlyDoubleProperty [value: 455.0]
07:43:15.772 [FXGL Background Thread 3 ] DEBUG Engine               - appIcon: fxgl_icon.png
07:43:15.772 [FXGL Background Thread 3 ] DEBUG Engine               - applicationMode: DEVELOPER
07:43:15.773 [FXGL Background Thread 3 ] DEBUG Engine               - cSSList: [fxgl_dark.css]
07:43:15.773 [FXGL Background Thread 3 ] DEBUG Engine               - collisionDetectionStrategy: BRUTE_FORCE
07:43:15.774 [FXGL Background Thread 3 ] DEBUG Engine               - configClass: Optional.empty
07:43:15.774 [FXGL Background Thread 3 ] DEBUG Engine               - credits: []
07:43:15.776 [FXGL Background Thread 3 ] DEBUG Engine               - defaultCursor: CursorInfo(imageName=fxgl_default_cursor.png, hotspotX=7.0, hotspotY=6.0)
07:43:15.777 [FXGL Background Thread 3 ] DEBUG Engine               - devBBoxColorProperty: ObjectProperty [value: 0xff0000ff]
07:43:15.777 [FXGL Background Thread 3 ] DEBUG Engine               - devEnableDebugCameraProperty: BooleanProperty [value: false]
07:43:15.778 [FXGL Background Thread 3 ] DEBUG Engine               - devSensorColorProperty: ObjectProperty [value: 0xffff00ff]
07:43:15.778 [FXGL Background Thread 3 ] DEBUG Engine               - devShowBBoxProperty: BooleanProperty [value: false]
07:43:15.779 [FXGL Background Thread 3 ] DEBUG Engine               - devShowPositionProperty: BooleanProperty [value: false]
07:43:15.780 [FXGL Background Thread 3 ] DEBUG Engine               - enabledMenuItems: []
07:43:15.780 [FXGL Background Thread 3 ] DEBUG Engine               - engineServices: [class com.almasb.fxgl.app.services.FXGLAssetLoaderService, class com.almasb.fxgl.app.FXGLApplication$GameApplicationService, class com.almasb.fxgl.app.services.FXGLDialogService, class com.almasb.fxgl.app.services.IOTaskExecutorService, class com.almasb.fxgl.io.FileSystemService, class com.almasb.fxgl.localization.LocalizationService, class com.almasb.fxgl.app.services.SystemBundleService, class com.almasb.fxgl.profile.SaveLoadService, class com.almasb.fxgl.ui.FXGLUIFactoryServiceProvider, class com.almasb.fxgl.ui.FXGLDialogFactoryServiceProvider, class com.almasb.fxgl.audio.AudioPlayer, class com.almasb.fxgl.notification.impl.NotificationServiceProvider, class com.almasb.fxgl.achievement.AchievementService, class com.almasb.fxgl.cutscene.CutsceneService, class com.almasb.fxgl.minigames.MiniGameService, class com.almasb.fxgl.net.NetService, class com.almasb.fxgl.app.services.UpdaterService, class com.almasb.fxgl.dev.DevService]
07:43:15.781 [FXGL Background Thread 3 ] DEBUG Engine               - fontGame: Abel-Regular.ttf
07:43:15.781 [FXGL Background Thread 3 ] DEBUG Engine               - fontMono: TerminalLandMono-Regular.otf
07:43:15.782 [FXGL Background Thread 3 ] DEBUG Engine               - fontSizeScaleUI: 1.0
07:43:15.782 [FXGL Background Thread 3 ] DEBUG Engine               - fontText: Courier-Prime.ttf
07:43:15.782 [FXGL Background Thread 3 ] DEBUG Engine               - fontUI: VarelaRound-Regular.ttf
07:43:15.783 [FXGL Background Thread 3 ] DEBUG Engine               - fullScreen: BooleanProperty [value: false]
07:43:15.783 [FXGL Background Thread 3 ] DEBUG Engine               - gameDifficulty: MEDIUM
07:43:15.783 [FXGL Background Thread 3 ] DEBUG Engine               - gameDifficultyProperty: ObjectProperty [value: MEDIUM]
07:43:15.784 [FXGL Background Thread 3 ] DEBUG Engine               - globalMusicVolume: 0.5
07:43:15.785 [FXGL Background Thread 3 ] DEBUG Engine               - globalMusicVolumeProperty: DoubleProperty [value: 0.5]
07:43:15.785 [FXGL Background Thread 3 ] DEBUG Engine               - globalSoundVolume: 0.5
07:43:15.785 [FXGL Background Thread 3 ] DEBUG Engine               - globalSoundVolumeProperty: DoubleProperty [value: 0.5]
07:43:15.786 [FXGL Background Thread 3 ] DEBUG Engine               - height: 600
07:43:15.787 [FXGL Background Thread 3 ] DEBUG Engine               - is3D: false
07:43:15.787 [FXGL Background Thread 3 ] DEBUG Engine               - isAndroid: false
07:43:15.787 [FXGL Background Thread 3 ] DEBUG Engine               - isBrowser: false
07:43:15.787 [FXGL Background Thread 3 ] DEBUG Engine               - isClickFeedbackEnabled: false
07:43:15.788 [FXGL Background Thread 3 ] DEBUG Engine               - isCloseConfirmation: false
07:43:15.788 [FXGL Background Thread 3 ] DEBUG Engine               - isDesktop: true
07:43:15.788 [FXGL Background Thread 3 ] DEBUG Engine               - isDeveloperMenuEnabled: false
07:43:15.788 [FXGL Background Thread 3 ] DEBUG Engine               - isEmbedded: false
07:43:15.789 [FXGL Background Thread 3 ] DEBUG Engine               - isEntityPreloadEnabled: true
07:43:15.789 [FXGL Background Thread 3 ] DEBUG Engine               - isExperimentalTiledLargeMap: false
07:43:15.789 [FXGL Background Thread 3 ] DEBUG Engine               - isFileSystemWriteAllowed: true
07:43:15.790 [FXGL Background Thread 3 ] DEBUG Engine               - isFullScreenAllowed: false
07:43:15.790 [FXGL Background Thread 3 ] DEBUG Engine               - isFullScreenFromStart: false
07:43:15.790 [FXGL Background Thread 3 ] DEBUG Engine               - isGameMenuEnabled: true
07:43:15.791 [FXGL Background Thread 3 ] DEBUG Engine               - isIOS: false
07:43:15.791 [FXGL Background Thread 3 ] DEBUG Engine               - isIntroEnabled: false
07:43:15.792 [FXGL Background Thread 3 ] DEBUG Engine               - isLinux: true
07:43:15.792 [FXGL Background Thread 3 ] DEBUG Engine               - isMac: false
07:43:15.792 [FXGL Background Thread 3 ] DEBUG Engine               - isMainMenuEnabled: false
07:43:15.793 [FXGL Background Thread 3 ] DEBUG Engine               - isManualResizeEnabled: false
07:43:15.793 [FXGL Background Thread 3 ] DEBUG Engine               - isMobile: false
07:43:15.793 [FXGL Background Thread 3 ] DEBUG Engine               - isNative: false
07:43:15.794 [FXGL Background Thread 3 ] DEBUG Engine               - isPauseMusicWhenMinimized: true
07:43:15.794 [FXGL Background Thread 3 ] DEBUG Engine               - isPreserveResizeRatio: false
07:43:15.795 [FXGL Background Thread 3 ] DEBUG Engine               - isProfilingEnabled: false
07:43:15.795 [FXGL Background Thread 3 ] DEBUG Engine               - isScaleAffectedOnResize: true
07:43:15.796 [FXGL Background Thread 3 ] DEBUG Engine               - isSingleStep: false
07:43:15.796 [FXGL Background Thread 3 ] DEBUG Engine               - isUserProfileEnabled: false
07:43:15.796 [FXGL Background Thread 3 ] DEBUG Engine               - isWindows: false
07:43:15.797 [FXGL Background Thread 3 ] DEBUG Engine               - language: ObjectProperty [value: ENGLISH]
07:43:15.797 [FXGL Background Thread 3 ] DEBUG Engine               - menuKey: ESCAPE
07:43:15.797 [FXGL Background Thread 3 ] DEBUG Engine               - mouseSensitivity: 0.2
07:43:15.798 [FXGL Background Thread 3 ] DEBUG Engine               - notificationViewClass: class com.almasb.fxgl.notification.view.XboxNotificationView
07:43:15.798 [FXGL Background Thread 3 ] DEBUG Engine               - pixelsPerMeter: 50.0
07:43:15.798 [FXGL Background Thread 3 ] DEBUG Engine               - platform: LINUX
07:43:15.799 [FXGL Background Thread 3 ] DEBUG Engine               - prefHeightProperty: ReadOnlyDoubleProperty [value: 600.0]
07:43:15.799 [FXGL Background Thread 3 ] DEBUG Engine               - prefWidthProperty: ReadOnlyDoubleProperty [value: 800.0]
07:43:15.799 [FXGL Background Thread 3 ] DEBUG Engine               - profileDir: profiles/
07:43:15.800 [FXGL Background Thread 3 ] DEBUG Engine               - profileName: StringProperty [value: DEFAULT]
07:43:15.800 [FXGL Background Thread 3 ] DEBUG Engine               - randomSeed: -1
07:43:15.802 [FXGL Background Thread 3 ] DEBUG Engine               - runtimeInfo: RuntimeInfo(platform=LINUX, version=21.1, build=27.03.2024 07.52)
07:43:15.802 [FXGL Background Thread 3 ] DEBUG Engine               - saveFileExt: sav
07:43:15.802 [FXGL Background Thread 3 ] DEBUG Engine               - scaledHeightProp$fxgl: DoubleProperty [bound, value: 708.0]
07:43:15.803 [FXGL Background Thread 3 ] DEBUG Engine               - scaledWidthProp$fxgl: DoubleProperty [bound, value: 455.0]
07:43:15.803 [FXGL Background Thread 3 ] DEBUG Engine               - sceneFactory: com.almasb.fxgl.app.scene.SceneFactory@df79603
07:43:15.803 [FXGL Background Thread 3 ] DEBUG Engine               - secondsIn24h: 60
07:43:15.804 [FXGL Background Thread 3 ] DEBUG Engine               - soundMenuBack: menu/back.wav
07:43:15.804 [FXGL Background Thread 3 ] DEBUG Engine               - soundMenuPress: menu/press.wav
07:43:15.804 [FXGL Background Thread 3 ] DEBUG Engine               - soundMenuSelect: menu/select.wav
07:43:15.805 [FXGL Background Thread 3 ] DEBUG Engine               - soundNotification: core/notification.wav
07:43:15.805 [FXGL Background Thread 3 ] DEBUG Engine               - stageStyle: DECORATED
07:43:15.805 [FXGL Background Thread 3 ] DEBUG Engine               - supportedLanguages: [ENGLISH, FRENCH, GERMAN, HUNGARIAN, RUSSIAN]
07:43:15.806 [FXGL Background Thread 3 ] DEBUG Engine               - ticksPerSecond: -1
07:43:15.806 [FXGL Background Thread 3 ] DEBUG Engine               - title: My First FXGL Game
07:43:15.806 [FXGL Background Thread 3 ] DEBUG Engine               - urlGithub: https://github.com/AlmasB/FXGL
07:43:15.806 [FXGL Background Thread 3 ] DEBUG Engine               - urlLeaderboard: http://fxgl-top.herokuapp.com/
07:43:15.807 [FXGL Background Thread 3 ] DEBUG Engine               - urlPOM: https://raw.githubusercontent.com/AlmasB/FXGL/release/README.md
07:43:15.807 [FXGL Background Thread 3 ] DEBUG Engine               - userAppClass: class com.test.MainApp
07:43:15.808 [FXGL Background Thread 3 ] DEBUG Engine               - version: 1.0
07:43:15.808 [FXGL Background Thread 3 ] DEBUG Engine               - versionCheckDays: 7
07:43:15.809 [FXGL Background Thread 3 ] DEBUG Engine               - width: 800
07:43:15.809 [FXGL Background Thread 3 ] DEBUG Engine               - Logging services
07:43:15.809 [FXGL Background Thread 3 ] DEBUG Engine               - class com.almasb.fxgl.app.services.FXGLAssetLoaderService
07:43:15.810 [FXGL Background Thread 3 ] DEBUG Engine               - class com.almasb.fxgl.app.FXGLApplication$GameApplicationService
07:43:15.810 [FXGL Background Thread 3 ] DEBUG Engine               - class com.almasb.fxgl.app.services.FXGLDialogService
07:43:15.810 [FXGL Background Thread 3 ] DEBUG Engine               - class com.almasb.fxgl.app.services.IOTaskExecutorService
07:43:15.810 [FXGL Background Thread 3 ] DEBUG Engine               - class com.almasb.fxgl.io.FileSystemService
07:43:15.811 [FXGL Background Thread 3 ] DEBUG Engine               - class com.almasb.fxgl.localization.LocalizationService
07:43:15.812 [FXGL Background Thread 3 ] DEBUG Engine               - class com.almasb.fxgl.app.services.SystemBundleService
07:43:15.813 [FXGL Background Thread 3 ] DEBUG Engine               - class com.almasb.fxgl.profile.SaveLoadService
07:43:15.813 [FXGL Background Thread 3 ] DEBUG Engine               - class com.almasb.fxgl.ui.FXGLUIFactoryServiceProvider
07:43:15.814 [FXGL Background Thread 3 ] DEBUG Engine               - class com.almasb.fxgl.ui.FXGLDialogFactoryServiceProvider
07:43:15.814 [FXGL Background Thread 3 ] DEBUG Engine               - class com.almasb.fxgl.audio.AudioPlayer
07:43:15.814 [FXGL Background Thread 3 ] DEBUG Engine               - class com.almasb.fxgl.notification.impl.NotificationServiceProvider
07:43:15.814 [FXGL Background Thread 3 ] DEBUG Engine               - class com.almasb.fxgl.achievement.AchievementService
07:43:15.815 [FXGL Background Thread 3 ] DEBUG Engine               - class com.almasb.fxgl.cutscene.CutsceneService
07:43:15.815 [FXGL Background Thread 3 ] DEBUG Engine               - class com.almasb.fxgl.minigames.MiniGameService
07:43:15.815 [FXGL Background Thread 3 ] DEBUG Engine               - class com.almasb.fxgl.net.NetService
07:43:15.815 [FXGL Background Thread 3 ] DEBUG Engine               - class com.almasb.fxgl.app.services.UpdaterService
07:43:15.815 [FXGL Background Thread 3 ] DEBUG Engine               - class com.almasb.fxgl.dev.DevService
07:43:18.973 [JavaFX Application Thread] DEBUG FXGLApplication      - Exiting FXGL
07:43:18.973 [JavaFX Application Thread] DEBUG LoopRunner           - Stopping loop
07:43:18.974 [JavaFX Application Thread] DEBUG SystemBundleService  - Saving FXGL system data
07:43:18.983 [JavaFX Application Thread] DEBUG FileSystemAccess     - Writing to: /home/ibrahim/projects/learning_java/game/game/system/fxgl.bundle
07:43:19.002 [JavaFX Application Thread] DEBUG Async                - Shutting down background threads
07:43:19.002 [JavaFX Application Thread] DEBUG PrimaryStageWindow   - Closing main window
07:43:19.006 [JavaFX Application Thread] DEBUG Logger               - Closing Logger
